<?xml version="1.0" encoding="UTF-8"?>
<!-- Generated by org.testng.reporters.JUnitXMLReporter -->
<testsuite hostname="L-DEL-DELL1" name="Test" tests="3" failures="0" timestamp="25 Oct 2019 18:41:36 GMT" time="40.06" errors="0">
  <testcase name="test_recalcularcorte" time="14.12" classname="com.test.EdurekaSelenium.FirstTestNG"/>
  <testcase name="test_recibirCorte" time="8.729" classname="com.test.EdurekaSelenium.FirstTestNG"/>
  <testcase name="test_realizarCierre" time="11.083" classname="com.test.EdurekaSelenium.FirstTestNG"/>
</testsuite> <!-- Test -->
