<?xml version="1.0" encoding="UTF-8"?>
<testng-results skipped="0" failed="0" total="3" passed="3">
  <reporter-output>
  </reporter-output>
  <suite name="Suite" duration-ms="40060" started-at="2019-10-25T18:40:56Z" finished-at="2019-10-25T18:41:36Z">
    <groups>
    </groups>
    <test name="Test" duration-ms="40060" started-at="2019-10-25T18:40:56Z" finished-at="2019-10-25T18:41:36Z">
      <class name="com.test.EdurekaSelenium.FirstTestNG">
        <test-method status="PASS" signature="setup(java.lang.String, java.lang.String)[pri:0, instance:com.test.EdurekaSelenium.FirstTestNG@59fa1d9b]" name="setup" is-config="true" duration-ms="6089" started-at="2019-10-25T12:40:56Z" finished-at="2019-10-25T12:41:02Z">
          <params>
            <param index="0">
              <value>
                <![CDATA[http://wls33.tgc.mx:8080/re_login/faces/infraestructura]]>
              </value>
            </param>
            <param index="1">
              <value>
                <![CDATA[chrome]]>
              </value>
            </param>
          </params>
          <reporter-output>
          </reporter-output>
        </test-method> <!-- setup -->
        <test-method status="PASS" signature="test_recalcularcorte(java.lang.String, java.lang.String)[pri:1, instance:com.test.EdurekaSelenium.FirstTestNG@59fa1d9b]" name="test_recalcularcorte" duration-ms="14120" started-at="2019-10-25T12:41:02Z" finished-at="2019-10-25T12:41:16Z">
          <params>
            <param index="0">
              <value>
                <![CDATA[RECAUDADOR]]>
              </value>
            </param>
            <param index="1">
              <value>
                <![CDATA[THEBIGONE]]>
              </value>
            </param>
          </params>
          <reporter-output>
          </reporter-output>
        </test-method> <!-- test_recalcularcorte -->
        <test-method status="PASS" signature="test_recibirCorte()[pri:2, instance:com.test.EdurekaSelenium.FirstTestNG@59fa1d9b]" name="test_recibirCorte" duration-ms="8729" started-at="2019-10-25T12:41:16Z" finished-at="2019-10-25T12:41:25Z">
          <reporter-output>
          </reporter-output>
        </test-method> <!-- test_recibirCorte -->
        <test-method status="PASS" signature="test_realizarCierre(java.lang.String, java.lang.String)[pri:3, instance:com.test.EdurekaSelenium.FirstTestNG@59fa1d9b]" name="test_realizarCierre" duration-ms="11083" started-at="2019-10-25T12:41:25Z" finished-at="2019-10-25T12:41:36Z">
          <params>
            <param index="0">
              <value>
                <![CDATA[RECAUDADOR]]>
              </value>
            </param>
            <param index="1">
              <value>
                <![CDATA[THEBIGONE]]>
              </value>
            </param>
          </params>
          <reporter-output>
          </reporter-output>
        </test-method> <!-- test_realizarCierre -->
        <test-method status="PASS" signature="tearDown()[pri:0, instance:com.test.EdurekaSelenium.FirstTestNG@59fa1d9b]" name="tearDown" is-config="true" duration-ms="1" started-at="2019-10-25T12:41:36Z" finished-at="2019-10-25T12:41:36Z">
          <reporter-output>
          </reporter-output>
        </test-method> <!-- tearDown -->
      </class> <!-- com.test.EdurekaSelenium.FirstTestNG -->
    </test> <!-- Test -->
  </suite> <!-- Suite -->
</testng-results>
