<?xml version="1.0" encoding="UTF-8"?>
<testng-results skipped="0" failed="1" total="3" passed="2">
  <reporter-output>
  </reporter-output>
  <suite name="Suite" duration-ms="30406" started-at="2019-10-22T18:14:16Z" finished-at="2019-10-22T18:14:47Z">
    <groups>
    </groups>
    <test name="Test" duration-ms="30406" started-at="2019-10-22T18:14:16Z" finished-at="2019-10-22T18:14:47Z">
      <class name="com.test.EdurekaSelenium.FirstTestNG">
        <test-method status="PASS" signature="setup(java.lang.String, java.lang.String)[pri:0, instance:com.test.EdurekaSelenium.FirstTestNG@59fa1d9b]" name="setup" is-config="true" duration-ms="10392" started-at="2019-10-22T12:14:16Z" finished-at="2019-10-22T12:14:27Z">
          <params>
            <param index="0">
              <value>
                <![CDATA[http://wls33.tgc.mx:8080/re_login/faces/infraestructura]]>
              </value>
            </param>
            <param index="1">
              <value>
                <![CDATA[firefox]]>
              </value>
            </param>
          </params>
          <reporter-output>
          </reporter-output>
        </test-method> <!-- setup -->
        <test-method status="PASS" signature="test_recalcularcorte(java.lang.String, java.lang.String)[pri:1, instance:com.test.EdurekaSelenium.FirstTestNG@59fa1d9b]" name="test_recalcularcorte" duration-ms="8826" started-at="2019-10-22T12:14:27Z" finished-at="2019-10-22T12:14:35Z">
          <params>
            <param index="0">
              <value>
                <![CDATA[RECAUDADOR]]>
              </value>
            </param>
            <param index="1">
              <value>
                <![CDATA[THEBIGONE]]>
              </value>
            </param>
          </params>
          <reporter-output>
          </reporter-output>
        </test-method> <!-- test_recalcularcorte -->
        <test-method status="PASS" signature="test_recibirCorte()[pri:2, instance:com.test.EdurekaSelenium.FirstTestNG@59fa1d9b]" name="test_recibirCorte" duration-ms="1098" started-at="2019-10-22T12:14:35Z" finished-at="2019-10-22T12:14:36Z">
          <reporter-output>
          </reporter-output>
        </test-method> <!-- test_recibirCorte -->
        <test-method status="FAIL" signature="test_realizarCierre(java.lang.String, java.lang.String)[pri:3, instance:com.test.EdurekaSelenium.FirstTestNG@59fa1d9b]" name="test_realizarCierre" duration-ms="10049" started-at="2019-10-22T12:14:37Z" finished-at="2019-10-22T12:14:47Z">
          <params>
            <param index="0">
              <value>
                <![CDATA[RECAUDADOR]]>
              </value>
            </param>
            <param index="1">
              <value>
                <![CDATA[THEBIGONE]]>
              </value>
            </param>
          </params>
          <exception class="org.openqa.selenium.NoSuchElementException">
            <message>
              <![CDATA[Unable to locate element: //*[@id="submenu1j_id_5"]
For documentation on this error, please visit: https://www.seleniumhq.org/exceptions/no_such_element.html
Build info: version: '3.141.59', revision: 'e82be7d358', time: '2018-11-14T08:17:03'
System info: host: 'L-DEL-DELL1', ip: '10.0.21.221', os.name: 'Windows 10', os.arch: 'amd64', os.version: '10.0', java.version: '1.8.0_221'
Driver info: org.openqa.selenium.firefox.FirefoxDriver
Capabilities {acceptInsecureCerts: true, browserName: firefox, browserVersion: 68.0.1, javascriptEnabled: true, moz:accessibilityChecks: false, moz:buildID: 20190717172542, moz:geckodriverVersion: 0.26.0, moz:headless: false, moz:processID: 18896, moz:profile: C:\Users\instalacion\AppDat..., moz:shutdownTimeout: 60000, moz:useNonSpecCompliantPointerOrigin: false, moz:webdriverClick: true, pageLoadStrategy: normal, platform: WINDOWS, platformName: WINDOWS, platformVersion: 10.0, rotatable: false, setWindowRect: true, strictFileInteractability: false, timeouts: {implicit: 0, pageLoad: 300000, script: 30000}, unhandledPromptBehavior: dismiss and notify}
Session ID: 3e19efb9-f356-4118-8fec-1873ebb9b8b4
*** Element info: {Using=xpath, value=//*[@id="submenu1j_id_5"]}]]>
            </message>
            <full-stacktrace>
              <![CDATA[org.openqa.selenium.NoSuchElementException: Unable to locate element: //*[@id="submenu1j_id_5"]
For documentation on this error, please visit: https://www.seleniumhq.org/exceptions/no_such_element.html
Build info: version: '3.141.59', revision: 'e82be7d358', time: '2018-11-14T08:17:03'
System info: host: 'L-DEL-DELL1', ip: '10.0.21.221', os.name: 'Windows 10', os.arch: 'amd64', os.version: '10.0', java.version: '1.8.0_221'
Driver info: org.openqa.selenium.firefox.FirefoxDriver
Capabilities {acceptInsecureCerts: true, browserName: firefox, browserVersion: 68.0.1, javascriptEnabled: true, moz:accessibilityChecks: false, moz:buildID: 20190717172542, moz:geckodriverVersion: 0.26.0, moz:headless: false, moz:processID: 18896, moz:profile: C:\Users\instalacion\AppDat..., moz:shutdownTimeout: 60000, moz:useNonSpecCompliantPointerOrigin: false, moz:webdriverClick: true, pageLoadStrategy: normal, platform: WINDOWS, platformName: WINDOWS, platformVersion: 10.0, rotatable: false, setWindowRect: true, strictFileInteractability: false, timeouts: {implicit: 0, pageLoad: 300000, script: 30000}, unhandledPromptBehavior: dismiss and notify}
Session ID: 3e19efb9-f356-4118-8fec-1873ebb9b8b4
*** Element info: {Using=xpath, value=//*[@id="submenu1j_id_5"]}
	at sun.reflect.NativeConstructorAccessorImpl.newInstance0(Native Method)
	at sun.reflect.NativeConstructorAccessorImpl.newInstance(NativeConstructorAccessorImpl.java:62)
	at sun.reflect.DelegatingConstructorAccessorImpl.newInstance(DelegatingConstructorAccessorImpl.java:45)
	at java.lang.reflect.Constructor.newInstance(Constructor.java:423)
	at org.openqa.selenium.remote.http.W3CHttpResponseCodec.createException(W3CHttpResponseCodec.java:187)
	at org.openqa.selenium.remote.http.W3CHttpResponseCodec.decode(W3CHttpResponseCodec.java:122)
	at org.openqa.selenium.remote.http.W3CHttpResponseCodec.decode(W3CHttpResponseCodec.java:49)
	at org.openqa.selenium.remote.HttpCommandExecutor.execute(HttpCommandExecutor.java:158)
	at org.openqa.selenium.remote.service.DriverCommandExecutor.execute(DriverCommandExecutor.java:83)
	at org.openqa.selenium.remote.RemoteWebDriver.execute(RemoteWebDriver.java:552)
	at org.openqa.selenium.remote.RemoteWebDriver.findElement(RemoteWebDriver.java:323)
	at org.openqa.selenium.remote.RemoteWebDriver.findElementByXPath(RemoteWebDriver.java:428)
	at org.openqa.selenium.By$ByXPath.findElement(By.java:353)
	at org.openqa.selenium.remote.RemoteWebDriver.findElement(RemoteWebDriver.java:315)
	at org.openqa.selenium.support.pagefactory.DefaultElementLocator.findElement(DefaultElementLocator.java:69)
	at org.openqa.selenium.support.pagefactory.internal.LocatingElementHandler.invoke(LocatingElementHandler.java:38)
	at com.sun.proxy.$Proxy11.click(Unknown Source)
	at com.test.EdurekaSelenium.MenuPrincipal.clickAdministracionCaja(MenuPrincipal.java:42)
	at com.test.EdurekaSelenium.FirstTestNG.test_realizarCierre(FirstTestNG.java:202)
	at sun.reflect.NativeMethodAccessorImpl.invoke0(Native Method)
	at sun.reflect.NativeMethodAccessorImpl.invoke(NativeMethodAccessorImpl.java:62)
	at sun.reflect.DelegatingMethodAccessorImpl.invoke(DelegatingMethodAccessorImpl.java:43)
	at java.lang.reflect.Method.invoke(Method.java:498)
	at org.testng.internal.MethodInvocationHelper.invokeMethod(MethodInvocationHelper.java:86)
	at org.testng.internal.Invoker.invokeMethod(Invoker.java:643)
	at org.testng.internal.Invoker.invokeTestMethod(Invoker.java:820)
	at org.testng.internal.Invoker.invokeTestMethods(Invoker.java:1128)
	at org.testng.internal.TestMethodWorker.invokeTestMethods(TestMethodWorker.java:129)
	at org.testng.internal.TestMethodWorker.run(TestMethodWorker.java:112)
	at org.testng.TestRunner.privateRun(TestRunner.java:782)
	at org.testng.TestRunner.run(TestRunner.java:632)
	at org.testng.SuiteRunner.runTest(SuiteRunner.java:366)
	at org.testng.SuiteRunner.runSequentially(SuiteRunner.java:361)
	at org.testng.SuiteRunner.privateRun(SuiteRunner.java:319)
	at org.testng.SuiteRunner.run(SuiteRunner.java:268)
	at org.testng.SuiteRunnerWorker.runSuite(SuiteRunnerWorker.java:52)
	at org.testng.SuiteRunnerWorker.run(SuiteRunnerWorker.java:86)
	at org.testng.TestNG.runSuitesSequentially(TestNG.java:1244)
	at org.testng.TestNG.runSuitesLocally(TestNG.java:1169)
	at org.testng.TestNG.run(TestNG.java:1064)
	at org.testng.remote.AbstractRemoteTestNG.run(AbstractRemoteTestNG.java:115)
	at org.testng.remote.RemoteTestNG.initAndRun(RemoteTestNG.java:251)
	at org.testng.remote.RemoteTestNG.main(RemoteTestNG.java:77)
]]>
            </full-stacktrace>
          </exception> <!-- org.openqa.selenium.NoSuchElementException -->
          <reporter-output>
          </reporter-output>
        </test-method> <!-- test_realizarCierre -->
        <test-method status="PASS" signature="tearDown()[pri:0, instance:com.test.EdurekaSelenium.FirstTestNG@59fa1d9b]" name="tearDown" is-config="true" duration-ms="0" started-at="2019-10-22T12:14:47Z" finished-at="2019-10-22T12:14:47Z">
          <reporter-output>
          </reporter-output>
        </test-method> <!-- tearDown -->
      </class> <!-- com.test.EdurekaSelenium.FirstTestNG -->
    </test> <!-- Test -->
  </suite> <!-- Suite -->
</testng-results>
